<?xml version="1.0" encoding="UTF-8"?>
<!-- Generated by org.testng.reporters.JUnitReportReporter -->
<testsuite skipped="1" hostname="W00PISVDI247" name="TestingAllure" tests="3" failures="0" timestamp="10 May 2019 08:42:43 GMT" time="9.708" errors="0">
  <testcase name="test2" time="1.590" classname="TestingAllure"/>
  <testcase name="test3" time="5.420" classname="TestingAllure">
    <skipped/>
  </testcase> <!-- test3 -->
  <testcase name="test1" time="2.698" classname="TestingAllure"/>
</testsuite> <!-- TestingAllure -->
