<?xml version="1.0" encoding="UTF-8"?>
<!-- Generated by org.testng.reporters.JUnitReportReporter -->
<testsuite skipped="0" hostname="W00PISVDI247" name="Script.CopyOfScenario2" tests="12" failures="0" timestamp="08 Oct 2018 14:50:19 GMT" time="9.574" errors="0">
  <testcase name="BillingCent" time="1.036" classname="Script.CopyOfScenario2"/>
  <testcase name="BillingCent" time="1.785" classname="Script.CopyOfScenario2"/>
  <testcase name="BillingCent" time="0.891" classname="Script.CopyOfScenario2"/>
  <testcase name="BillingCent" time="0.002" classname="Script.CopyOfScenario2"/>
  <testcase name="BillingCent" time="0.933" classname="Script.CopyOfScenario2"/>
  <testcase name="BillingCent" time="0.000" classname="Script.CopyOfScenario2"/>
  <testcase name="BillingCent" time="0.000" classname="Script.CopyOfScenario2"/>
  <testcase name="BillingCent" time="0.862" classname="Script.CopyOfScenario2"/>
  <testcase name="BillingCent" time="0.891" classname="Script.CopyOfScenario2"/>
  <testcase name="BillingCent" time="1.058" classname="Script.CopyOfScenario2"/>
  <testcase name="BillingCent" time="1.099" classname="Script.CopyOfScenario2"/>
  <testcase name="BillingCent" time="1.017" classname="Script.CopyOfScenario2"/>
</testsuite> <!-- Script.CopyOfScenario2 -->
