<?xml version="1.0" encoding="UTF-8"?>
<!-- Generated by org.testng.reporters.JUnitReportReporter -->
<testsuite skipped="0" hostname="W00PISVDI247" name="Script.PathMobile_AccountCall" tests="1" failures="0" timestamp="05 Apr 2019 13:10:32 GMT" time="0.214" errors="0">
  <testcase name="accountcall" time="0.214" classname="Script.PathMobile_AccountCall"/>
</testsuite> <!-- Script.PathMobile_AccountCall -->
