<?xml version="1.0" encoding="UTF-8"?>
<!-- Generated by org.testng.reporters.JUnitReportReporter -->
<testsuite skipped="0" hostname="W00PISVDI247" name="TestingAllure" tests="1" failures="0" timestamp="10 May 2019 07:55:58 GMT" time="3.534" errors="0">
  <testcase name="test1" time="3.534" classname="TestingAllure"/>
</testsuite> <!-- TestingAllure -->
