<?xml version="1.0" encoding="UTF-8"?>
<!-- Generated by org.testng.reporters.JUnitReportReporter -->
<testsuite skipped="0" hostname="W00PISVDI247" name="Script.Scenario2" tests="12" failures="0" timestamp="05 Oct 2018 15:31:38 GMT" time="104.170" errors="0">
  <testcase name="BillingCent" time="8.893" classname="Script.Scenario2"/>
  <testcase name="BillingCent" time="9.279" classname="Script.Scenario2"/>
  <testcase name="BillingCent" time="9.158" classname="Script.Scenario2"/>
  <testcase name="BillingCent" time="9.050" classname="Script.Scenario2"/>
  <testcase name="BillingCent" time="8.030" classname="Script.Scenario2"/>
  <testcase name="BillingCent" time="7.954" classname="Script.Scenario2"/>
  <testcase name="BillingCent" time="9.141" classname="Script.Scenario2"/>
  <testcase name="BillingCent" time="9.966" classname="Script.Scenario2"/>
  <testcase name="BillingCent" time="9.112" classname="Script.Scenario2"/>
  <testcase name="BillingCent" time="7.898" classname="Script.Scenario2"/>
  <testcase name="BillingCent" time="7.864" classname="Script.Scenario2"/>
  <testcase name="BillingCent" time="7.825" classname="Script.Scenario2"/>
</testsuite> <!-- Script.Scenario2 -->
