<?xml version="1.0" encoding="UTF-8"?>
<!-- Generated by org.testng.reporters.JUnitReportReporter -->
<testsuite skipped="0" hostname="W00PISVDI247" name="Scripts.CV_NB" tests="1" failures="0" timestamp="27 Jul 2018 17:22:29 GMT" time="458.830" errors="0">
  <testcase name="test" time="458.830" classname="Scripts.CV_NB"/>
</testsuite> <!-- Scripts.CV_NB -->
