<?xml version="1.0" encoding="UTF-8"?>
<!-- Generated by org.testng.reporters.JUnitReportReporter -->
<testsuite skipped="0" hostname="W00PISVDI247" name="DownloadFiles" tests="1" failures="0" timestamp="10 Apr 2018 15:20:49 GMT" time="7.019" errors="0">
  <testcase name="downloadFiles" time="7.019" classname="DownloadFiles"/>
</testsuite> <!-- DownloadFiles -->
