<?xml version="1.0" encoding="UTF-8"?>
<!-- Generated by org.testng.reporters.JUnitReportReporter -->
<testsuite skipped="0" hostname="W00PISVDI247" name="Script.BillingCentre" tests="6" failures="0" timestamp="04 Oct 2018 05:42:58 GMT" time="36.961" errors="0">
  <testcase name="BillingCent" time="7.972" classname="Script.BillingCentre"/>
  <testcase name="BillingCent" time="8.114" classname="Script.BillingCentre"/>
  <testcase name="BillingCent" time="6.776" classname="Script.BillingCentre"/>
  <testcase name="BillingCent" time="7.055" classname="Script.BillingCentre"/>
  <testcase name="BillingCent" time="7.039" classname="Script.BillingCentre"/>
  <testcase name="BillingCent" time="0.005" classname="Script.BillingCentre"/>
</testsuite> <!-- Script.BillingCentre -->
