<?xml version="1.0" encoding="UTF-8"?>
<!-- Generated by org.testng.reporters.JUnitReportReporter -->
<testsuite skipped="26" hostname="W00PISVDI247" name="Script.BillingCentre" tests="27" failures="0" timestamp="15 Mar 2019 12:29:18 GMT" time="15.569" errors="1">
  <testcase name="BillingCent" time="0.000" classname="Script.BillingCentre">
    <skipped/>
  </testcase> <!-- BillingCent -->
  <testcase name="BillingCent" time="0.000" classname="Script.BillingCentre">
    <skipped/>
  </testcase> <!-- BillingCent -->
  <testcase name="BillingCent" time="0.000" classname="Script.BillingCentre">
    <skipped/>
  </testcase> <!-- BillingCent -->
  <testcase name="BillingCent" time="0.000" classname="Script.BillingCentre">
    <skipped/>
  </testcase> <!-- BillingCent -->
  <testcase name="BillingCent" time="0.000" classname="Script.BillingCentre">
    <skipped/>
  </testcase> <!-- BillingCent -->
  <testcase name="BillingCent" time="0.000" classname="Script.BillingCentre">
    <skipped/>
  </testcase> <!-- BillingCent -->
  <testcase name="BillingCent" time="0.000" classname="Script.BillingCentre">
    <skipped/>
  </testcase> <!-- BillingCent -->
  <testcase name="BillingCent" time="0.000" classname="Script.BillingCentre">
    <skipped/>
  </testcase> <!-- BillingCent -->
  <testcase name="BillingCent" time="0.000" classname="Script.BillingCentre">
    <skipped/>
  </testcase> <!-- BillingCent -->
  <testcase name="BillingCent" time="0.000" classname="Script.BillingCentre">
    <skipped/>
  </testcase> <!-- BillingCent -->
  <testcase name="BillingCent" time="0.000" classname="Script.BillingCentre">
    <skipped/>
  </testcase> <!-- BillingCent -->
  <testcase name="BillingCent" time="0.000" classname="Script.BillingCentre">
    <skipped/>
  </testcase> <!-- BillingCent -->
  <testcase name="setUp" time="15.567" classname="Script.BillingCentre">
    <error type="org.openqa.selenium.WebDriverException" message="Failed to navigate to https://ljena:123tmnas*@phlygwbcqa.corp.tmnas.com/bc/BillingCenter.do. This usually means that a call to the COM method IWebBrowser2::Navigate2() failed. (WARNING: The server did not provide any stacktrace information)
Command duration or timeout: 15 milliseconds
Build info: version: &#039;2.53.0&#039;, revision: &#039;35ae25b1534ae328c771e0856c93e187490ca824&#039;, time: &#039;2016-03-15 10:43:46&#039;
System info: host: &#039;W00PISVDI247&#039;, ip: &#039;10.60.202.198&#039;, os.name: &#039;Windows 7&#039;, os.arch: &#039;amd64&#039;, os.version: &#039;6.1&#039;, java.version: &#039;1.8.0_121&#039;
Driver info: org.openqa.selenium.ie.InternetExplorerDriver
Capabilities [{browserAttachTimeout=0, ie.enableFullPageScreenshot=true, enablePersistentHover=false, ie.forceCreateProcessApi=false, ie.forceShellWindowsApi=false, pageLoadStrategy=normal, ignoreZoomSetting=false, ie.fileUploadDialogTimeout=3000, version=11, platform=WINDOWS, nativeEvents=true, ie.ensureCleanSession=true, elementScrollBehavior=0, ie.browserCommandLineSwitches=, requireWindowFocus=true, browserName=internet explorer, initialBrowserUrl=http://localhost:43291/, javascriptEnabled=true, ignoreProtectedModeSettings=true, enableElementCacheCleanup=true, unexpectedAlertBehaviour=dismiss}]
Session ID: 259047d1-1d8a-478f-a044-2512766dcd1a">
      <![CDATA[org.openqa.selenium.WebDriverException: Failed to navigate to https://ljena:123tmnas*@phlygwbcqa.corp.tmnas.com/bc/BillingCenter.do. This usually means that a call to the COM method IWebBrowser2::Navigate2() failed. (WARNING: The server did not provide any stacktrace information)
Command duration or timeout: 15 milliseconds
Build info: version: '2.53.0', revision: '35ae25b1534ae328c771e0856c93e187490ca824', time: '2016-03-15 10:43:46'
System info: host: 'W00PISVDI247', ip: '10.60.202.198', os.name: 'Windows 7', os.arch: 'amd64', os.version: '6.1', java.version: '1.8.0_121'
Driver info: org.openqa.selenium.ie.InternetExplorerDriver
Capabilities [{browserAttachTimeout=0, ie.enableFullPageScreenshot=true, enablePersistentHover=false, ie.forceCreateProcessApi=false, ie.forceShellWindowsApi=false, pageLoadStrategy=normal, ignoreZoomSetting=false, ie.fileUploadDialogTimeout=3000, version=11, platform=WINDOWS, nativeEvents=true, ie.ensureCleanSession=true, elementScrollBehavior=0, ie.browserCommandLineSwitches=, requireWindowFocus=true, browserName=internet explorer, initialBrowserUrl=http://localhost:43291/, javascriptEnabled=true, ignoreProtectedModeSettings=true, enableElementCacheCleanup=true, unexpectedAlertBehaviour=dismiss}]
Session ID: 259047d1-1d8a-478f-a044-2512766dcd1a
	at sun.reflect.NativeConstructorAccessorImpl.newInstance0(Native Method)
	at sun.reflect.NativeConstructorAccessorImpl.newInstance(NativeConstructorAccessorImpl.java:62)
	at sun.reflect.DelegatingConstructorAccessorImpl.newInstance(DelegatingConstructorAccessorImpl.java:45)
	at java.lang.reflect.Constructor.newInstance(Constructor.java:423)
	at org.openqa.selenium.remote.ErrorHandler.createThrowable(ErrorHandler.java:206)
	at org.openqa.selenium.remote.ErrorHandler.throwIfResponseFailed(ErrorHandler.java:158)
	at org.openqa.selenium.remote.RemoteWebDriver.execute(RemoteWebDriver.java:678)
	at org.openqa.selenium.remote.RemoteWebDriver.get(RemoteWebDriver.java:316)
	at Script.BaseTest.setUp(BaseTest.java:140)
	at sun.reflect.NativeMethodAccessorImpl.invoke0(Native Method)
	at sun.reflect.NativeMethodAccessorImpl.invoke(NativeMethodAccessorImpl.java:62)
	at sun.reflect.DelegatingMethodAccessorImpl.invoke(DelegatingMethodAccessorImpl.java:43)
	at java.lang.reflect.Method.invoke(Method.java:498)
	at org.testng.internal.MethodInvocationHelper.invokeMethod(MethodInvocationHelper.java:108)
	at org.testng.internal.Invoker.invokeConfigurationMethod(Invoker.java:523)
	at org.testng.internal.Invoker.invokeConfigurations(Invoker.java:224)
	at org.testng.internal.Invoker.invokeConfigurations(Invoker.java:146)
	at org.testng.SuiteRunner.privateRun(SuiteRunner.java:326)
	at org.testng.SuiteRunner.run(SuiteRunner.java:289)
	at org.testng.SuiteRunnerWorker.runSuite(SuiteRunnerWorker.java:52)
	at org.testng.SuiteRunnerWorker.run(SuiteRunnerWorker.java:86)
	at org.testng.TestNG.runSuitesSequentially(TestNG.java:1301)
	at org.testng.TestNG.runSuitesLocally(TestNG.java:1226)
	at org.testng.TestNG.runSuites(TestNG.java:1144)
	at org.testng.TestNG.run(TestNG.java:1115)
	at org.testng.remote.AbstractRemoteTestNG.run(AbstractRemoteTestNG.java:132)
	at org.testng.remote.RemoteTestNG.initAndRun(RemoteTestNG.java:230)
	at org.testng.remote.RemoteTestNG.main(RemoteTestNG.java:76)
]]>
    </error>
  </testcase> <!-- setUp -->
  <testcase name="BillingCent" time="0.000" classname="Script.BillingCentre">
    <skipped/>
  </testcase> <!-- BillingCent -->
  <testcase name="BillingCent" time="0.000" classname="Script.BillingCentre">
    <skipped/>
  </testcase> <!-- BillingCent -->
  <testcase name="BillingCent" time="0.000" classname="Script.BillingCentre">
    <skipped/>
  </testcase> <!-- BillingCent -->
  <testcase name="BillingCent" time="0.000" classname="Script.BillingCentre">
    <skipped/>
  </testcase> <!-- BillingCent -->
  <testcase name="BillingCent" time="0.001" classname="Script.BillingCentre">
    <skipped/>
  </testcase> <!-- BillingCent -->
  <testcase name="BillingCent" time="0.000" classname="Script.BillingCentre">
    <skipped/>
  </testcase> <!-- BillingCent -->
  <testcase name="BillingCent" time="0.000" classname="Script.BillingCentre">
    <skipped/>
  </testcase> <!-- BillingCent -->
  <testcase name="BillingCent" time="0.000" classname="Script.BillingCentre">
    <skipped/>
  </testcase> <!-- BillingCent -->
  <testcase name="BillingCent" time="0.001" classname="Script.BillingCentre">
    <skipped/>
  </testcase> <!-- BillingCent -->
  <testcase name="BillingCent" time="0.000" classname="Script.BillingCentre">
    <skipped/>
  </testcase> <!-- BillingCent -->
  <testcase name="BillingCent" time="0.000" classname="Script.BillingCentre">
    <skipped/>
  </testcase> <!-- BillingCent -->
  <testcase name="BillingCent" time="0.000" classname="Script.BillingCentre">
    <skipped/>
  </testcase> <!-- BillingCent -->
  <testcase name="BillingCent" time="0.000" classname="Script.BillingCentre">
    <skipped/>
  </testcase> <!-- BillingCent -->
  <testcase name="BillingCent" time="0.000" classname="Script.BillingCentre">
    <skipped/>
  </testcase> <!-- BillingCent -->
</testsuite> <!-- Script.BillingCentre -->
