<?xml version="1.0" encoding="UTF-8"?>
<!-- Generated by org.testng.reporters.JUnitReportReporter -->
<testsuite skipped="0" hostname="W00PISVDI247" name="Scripts.CV_NB" tests="1" failures="0" timestamp="05 Sep 2018 08:36:35 GMT" time="299.669" errors="0">
  <testcase name="test" time="299.669" classname="Scripts.CV_NB"/>
</testsuite> <!-- Scripts.CV_NB -->
