<?xml version="1.0" encoding="UTF-8"?>
<!-- Generated by org.testng.reporters.JUnitReportReporter -->
<testsuite skipped="0" hostname="W00PISVDI247" name="Scripts.CV_RenewalPaymentPortal" tests="1" failures="0" timestamp="16 Nov 2017 16:26:30 GMT" time="15.881" errors="0">
  <testcase name="test" time="15.881" classname="Scripts.CV_RenewalPaymentPortal"/>
</testsuite> <!-- Scripts.CV_RenewalPaymentPortal -->
